2025-03-30 11:20:50,560 - INFO - Starting Baseball Reference data scraping with enhanced methods
2025-03-30 11:20:50,561 - INFO - Warming up connection to Baseball Reference...
2025-03-30 11:20:50,561 - INFO - Attempting to scrape with Selenium...
2025-03-30 11:20:50,679 - ERROR - Could not set up chromedriver: No module named 'webdriver_manager'
2025-03-30 11:20:57,515 - INFO - Fetching batting data from https://www.baseball-reference.com/leagues/majors/2025-standard-batting.shtml
2025-03-30 11:20:57,515 - INFO - Attempting to scrape with Selenium...
2025-03-30 11:20:57,516 - ERROR - Could not set up chromedriver: No module named 'webdriver_manager'
2025-03-30 11:20:57,516 - ERROR - Failed to retrieve batting data
2025-03-30 11:21:18,994 - INFO - Starting Baseball Reference data scraping with enhanced methods
2025-03-30 11:21:18,995 - INFO - Warming up connection to Baseball Reference...
2025-03-30 11:21:18,995 - INFO - Attempting to scrape with Selenium...
2025-03-30 11:21:19,104 - ERROR - Could not set up chromedriver: No module named 'webdriver_manager'
2025-03-30 11:23:27,349 - INFO - Starting Baseball Reference data scraping with enhanced methods
2025-03-30 11:23:27,350 - INFO - Warming up connection to Baseball Reference...
2025-03-30 11:23:27,350 - INFO - Attempting to scrape with Selenium...
2025-03-30 11:23:27,350 - ERROR - Could not set up chromedriver: No module named 'webdriver_manager'
2025-03-30 11:23:34,441 - INFO - Fetching batting data from https://www.baseball-reference.com/leagues/majors/2025-standard-batting.shtml
2025-03-30 11:23:34,441 - INFO - Attempting to scrape with Selenium...
2025-03-30 11:23:34,442 - ERROR - Could not set up chromedriver: No module named 'webdriver_manager'
2025-03-30 11:23:34,442 - ERROR - Failed to retrieve batting data
