2025-03-11 12:48:34,894 - INFO - Starting to process player list from players.txt
2025-03-11 12:48:34,895 - INFO - Using API endpoint: https://your-server/api/MLBPlayer
2025-03-11 12:48:34,918 - INFO - Searching for: Lance McCullers Jr. (HOU)
2025-03-11 12:48:34,925 - ERROR - Error searching for Lance McCullers Jr.: Could not find a suitable TLS CA certificate bundle, invalid path: %ProgramData%\Netskope\STAgent\data\nscacert.pem
2025-03-11 12:48:37,956 - WARNING - Line 1: Could not find Baseball Reference ID for 'Lance McCullers Jr. (HOU)'
2025-03-11 12:48:37,956 - INFO - Searching for: Lucas Giolito (BOS)
2025-03-11 12:48:37,958 - ERROR - Error searching for Lucas Giolito: Could not find a suitable TLS CA certificate bundle, invalid path: %ProgramData%\Netskope\STAgent\data\nscacert.pem
2025-03-11 12:48:41,834 - WARNING - Line 2: Could not find Baseball Reference ID for 'Lucas Giolito (BOS)'
2025-03-11 12:48:41,834 - INFO - Searching for: Angel Perdomo (ATL)
2025-03-11 12:48:41,837 - ERROR - Error searching for Angel Perdomo: Could not find a suitable TLS CA certificate bundle, invalid path: %ProgramData%\Netskope\STAgent\data\nscacert.pem
2025-03-11 13:02:10,336 - INFO - SSL verification disabled for all requests
2025-03-11 13:02:10,337 - INFO - Starting to process player list from players.txt
2025-03-11 13:02:10,337 - INFO - Using API endpoint: https://localhost:44346/api/MLBPlayer
2025-03-11 13:02:10,338 - INFO - Searching for: Lance McCullers Jr. (HOU)
2025-03-11 13:02:11,233 - INFO - Waiting for 4.4 seconds before next request
2025-03-11 13:02:15,624 - WARNING - Line 1: Could not find Baseball Reference ID for 'Lance McCullers Jr. (HOU)'
2025-03-11 13:02:15,625 - INFO - Searching for: Lucas Giolito (BOS)
2025-03-11 13:02:16,438 - INFO - Waiting for 3.3 seconds before next request
2025-03-11 13:02:19,729 - WARNING - Line 2: Could not find Baseball Reference ID for 'Lucas Giolito (BOS)'
2025-03-11 13:02:19,730 - INFO - Searching for: Angel Perdomo (ATL)
2025-03-11 13:02:20,658 - INFO - Waiting for 2.4 seconds before next request
2025-03-11 13:02:23,050 - WARNING - Line 3: Could not find Baseball Reference ID for 'Angel Perdomo (ATL)'
2025-03-11 13:02:23,050 - INFO - Searching for: Alan Rangel (PHI)
2025-03-11 13:02:24,106 - INFO - Waiting for 3.8 seconds before next request
2025-03-11 13:02:27,920 - WARNING - Line 4: Could not find Baseball Reference ID for 'Alan Rangel (PHI)'
2025-03-11 13:02:27,920 - INFO - Searching for: Bennett Sousa (HOU)
2025-03-11 13:02:28,784 - INFO - Waiting for 2.4 seconds before next request
2025-03-11 13:02:30,356 - INFO - Process interrupted by user. Returning current results.
2025-03-11 13:02:30,358 - INFO - Processing complete!
2025-03-11 13:02:30,358 - INFO - Summary: 0 added, 4 skipped, 0 errors
2025-03-11 13:02:30,358 - INFO - Last successful player: None
2025-03-11 13:06:28,726 - INFO - SSL verification disabled for all requests
2025-03-11 13:06:28,727 - INFO - Starting to process player list from players.txt
2025-03-11 13:06:28,728 - INFO - Using API endpoint: https://localhost:44346/api/MLBPlayer
2025-03-11 13:06:28,729 - INFO - Searching for: Lance McCullers Jr. (HOU)
2025-03-11 13:06:28,729 - INFO - Search URL: https://www.google.com/search?q=Lance%20McCullers%20Jr.%20HOU%20site%3Abaseball-reference.com
2025-03-11 13:06:29,663 - INFO - Saved search results to google_search_Lance_McCullers_Jr..html
2025-03-11 13:06:29,667 - INFO - Using fallback selector for results
2025-03-11 13:06:29,668 - INFO - Found 3 total links
2025-03-11 13:06:29,668 - INFO - Top 5 URLs found in search results:
2025-03-11 13:06:29,669 - INFO -   URL: https://support.google.com/websearch
2025-03-11 13:06:29,670 - INFO - Examining URL: /httpservice/retry/enablejs?sei=lW3QZ42RH4WG0PEPscnG0A4
2025-03-11 13:06:29,670 - INFO - Examining URL: /search?q=Lance+McCullers+Jr.+HOU+site:baseball-reference.com&sca_esv=557795853e6eaba1&emsg=SG_REL&sei=lW3QZ42RH4WG0PEPscnG0A4
2025-03-11 13:06:29,671 - INFO - Examining URL: https://support.google.com/websearch
2025-03-11 13:06:29,675 - INFO - Waiting for 3.4 seconds before next request
2025-03-11 13:06:33,074 - WARNING - Line 1: Could not find Baseball Reference ID for 'Lance McCullers Jr. (HOU)'
2025-03-11 13:06:33,074 - INFO - Searching for: Lucas Giolito (BOS)
2025-03-11 13:06:33,075 - INFO - Search URL: https://www.google.com/search?q=Lucas%20Giolito%20BOS%20site%3Abaseball-reference.com
2025-03-11 13:06:33,992 - INFO - Saved search results to google_search_Lucas_Giolito.html
2025-03-11 13:06:33,995 - INFO - Using fallback selector for results
2025-03-11 13:06:33,996 - INFO - Found 3 total links
2025-03-11 13:06:33,996 - INFO - Top 5 URLs found in search results:
2025-03-11 13:06:33,997 - INFO -   URL: https://support.google.com/websearch
2025-03-11 13:06:33,997 - INFO - Examining URL: /httpservice/retry/enablejs?sei=mW3QZ7yfM8zO0PEPsPqD-Qs
2025-03-11 13:06:33,997 - INFO - Examining URL: /search?q=Lucas+Giolito+BOS+site:baseball-reference.com&sca_esv=557795853e6eaba1&emsg=SG_REL&sei=mW3QZ7yfM8zO0PEPsPqD-Qs
2025-03-11 13:06:33,998 - INFO - Examining URL: https://support.google.com/websearch
2025-03-11 13:06:34,001 - INFO - Waiting for 4.6 seconds before next request
2025-03-11 13:06:38,570 - WARNING - Line 2: Could not find Baseball Reference ID for 'Lucas Giolito (BOS)'
2025-03-11 13:06:38,570 - INFO - Searching for: Angel Perdomo (ATL)
2025-03-11 13:06:38,571 - INFO - Search URL: https://www.google.com/search?q=Angel%20Perdomo%20ATL%20site%3Abaseball-reference.com
2025-03-11 13:06:39,164 - INFO - Process interrupted by user. Returning current results.
2025-03-11 13:06:39,166 - INFO - Processing complete!
2025-03-11 13:06:39,168 - INFO - Summary: 0 added, 2 skipped, 0 errors
2025-03-11 13:06:39,171 - INFO - Last successful player: None
2025-03-11 13:08:48,531 - INFO - SSL verification disabled for all requests
2025-03-11 13:08:48,531 - INFO - Starting to process player list from players.txt
2025-03-11 13:08:48,532 - INFO - Using API endpoint: https://localhost:44346/api/MLBPlayer
2025-03-11 13:08:48,534 - INFO - Searching for: Lance McCullers Jr. (HOU)
2025-03-11 13:08:48,534 - INFO - Search URL: https://duckduckgo.com/html/?q=Lance%20McCullers%20Jr.%20HOU%20site%3Abaseball-reference.com
2025-03-11 13:08:50,663 - INFO - Saved search results to google_search_Lance_McCullers_Jr..html
2025-03-11 13:08:50,678 - INFO - Using fallback selector for results
2025-03-11 13:08:50,678 - INFO - Found 46 total links
2025-03-11 13:08:50,679 - INFO - Top 5 URLs found in search results:
2025-03-11 13:08:50,679 - INFO -   URL: https://duckduckgo.com/y.js?ad_domain=mlbshop.com&ad_provider=bingv7aa&ad_type=txad&click_metadata=MwWd9UtNF2CplqxhJHIbsQhtMTohcyzod6MN1rYjf6It7ZUCcy0hYRwyYQALyK1IM0iNbKHMQNUUnI67hOHHalibXwMQXb08jkaH4jZLW%2DRWPlaym3lMheEBnOeCOlJ%2D.sl64gS6ah107m_nhnTIKMA&rut=b256007f4fe832ce634454aa65b79eeb4cc6a9b1dee9b6661a05016583b5f0f7&u3=https%3A%2F%2Fwww.bing.com%2Faclick%3Fld%3De88IvrZepHjv4ZrmXP_0WaIzVUCUxMddgrudxeyt3qe83thO2Rn4O1K_qYWy8t_N3P138GTSgsADAJH68FDactva_AzgLoVAdmxdWU2hr7vH8ytLVwIiQanljywURAsCUtfadf7LDqcskWrFsul3OwvynXK94h8%2DS6hpZi8qxkloM_JRKzJAEAQJ0wjQKSVEHsQoMrzg%26u%3DaHR0cHMlM2ElMmYlMmZ3d3cubWxic2hvcC5jb20lMmZsYW5jZS1tY2N1bGxlcnMtanIlMmZhLTI3NDc5NjQ0JTJiei05OTk2MTE5LTQwNzM3MDgwNDclM2ZfcyUzZGdwcGMlMjZ1dG1fY2FtcGFpZ24lM2RNTEIlMjUyMC0lMjUyMEhvdXN0b24lMjUyMEFzdHJvcyUyNTIwLSUyNTIwUEwlMjUyMC0lMjUyMFVTJTI1MjAtJTI1MjBFTiU3YzU1NDg4NTg1NSUyNnV0bV9tZWRpdW0lM2RwcGMlMjZrc19pZCUzZDYyMjBfa3c3NTg2MzQ4MyUyNnV0bV90ZXJtJTNkTGFuY2UlMjUyME1jQ3VsbGVycyUyNTIwSnIuJTI2bWF0Y2h0eXBlJTNkYnAlMjZ1dG1fc291cmNlJTNkcyUyNnRhcmdldCUzZGt3ZC04MTc3NjUyMDkzNDUyMyUzYWxvYy0xOTAlMjZwY3JpZCUzZDgxNzc2MzA4ODE4MzE2JTI2bXNjbGtpZCUzZDQ5YTY0NjM0OTU1MDE0Y2RkYjViMjFlNGZiNzI0YzEw%26rlid%3D49a64634955014cddb5b21e4fb724c10&vqd=4-207585954916085865189696482824893074033&iurl=%7B1%7DIG%3D3388334A3462458B8C161AC139A4B26C%26CID%3D0ACB0450EA2A6BCD061711FCEBED6A2A%26ID%3DDevEx%2C5047.1
2025-03-11 13:08:50,680 - INFO -   URL: https://duckduckgo.com/duckduckgo-help-pages/company/ads-by-microsoft-on-duckduckgo-private-search
2025-03-11 13:08:50,680 - INFO -   URL: https://duckduckgo.com/y.js?ad_domain=mlbshop.com&ad_provider=bingv7aa&ad_type=txad&click_metadata=MwWd9UtNF2CplqxhJHIbsQhtMTohcyzod6MN1rYjf6It7ZUCcy0hYRwyYQALyK1IM0iNbKHMQNUUnI67hOHHalibXwMQXb08jkaH4jZLW%2DRWPlaym3lMheEBnOeCOlJ%2D.sl64gS6ah107m_nhnTIKMA&rut=b256007f4fe832ce634454aa65b79eeb4cc6a9b1dee9b6661a05016583b5f0f7&u3=https%3A%2F%2Fwww.bing.com%2Faclick%3Fld%3De88IvrZepHjv4ZrmXP_0WaIzVUCUxMddgrudxeyt3qe83thO2Rn4O1K_qYWy8t_N3P138GTSgsADAJH68FDactva_AzgLoVAdmxdWU2hr7vH8ytLVwIiQanljywURAsCUtfadf7LDqcskWrFsul3OwvynXK94h8%2DS6hpZi8qxkloM_JRKzJAEAQJ0wjQKSVEHsQoMrzg%26u%3DaHR0cHMlM2ElMmYlMmZ3d3cubWxic2hvcC5jb20lMmZsYW5jZS1tY2N1bGxlcnMtanIlMmZhLTI3NDc5NjQ0JTJiei05OTk2MTE5LTQwNzM3MDgwNDclM2ZfcyUzZGdwcGMlMjZ1dG1fY2FtcGFpZ24lM2RNTEIlMjUyMC0lMjUyMEhvdXN0b24lMjUyMEFzdHJvcyUyNTIwLSUyNTIwUEwlMjUyMC0lMjUyMFVTJTI1MjAtJTI1MjBFTiU3YzU1NDg4NTg1NSUyNnV0bV9tZWRpdW0lM2RwcGMlMjZrc19pZCUzZDYyMjBfa3c3NTg2MzQ4MyUyNnV0bV90ZXJtJTNkTGFuY2UlMjUyME1jQ3VsbGVycyUyNTIwSnIuJTI2bWF0Y2h0eXBlJTNkYnAlMjZ1dG1fc291cmNlJTNkcyUyNnRhcmdldCUzZGt3ZC04MTc3NjUyMDkzNDUyMyUzYWxvYy0xOTAlMjZwY3JpZCUzZDgxNzc2MzA4ODE4MzE2JTI2bXNjbGtpZCUzZDQ5YTY0NjM0OTU1MDE0Y2RkYjViMjFlNGZiNzI0YzEw%26rlid%3D49a64634955014cddb5b21e4fb724c10&vqd=4-207585954916085865189696482824893074033&iurl=%7B1%7DIG%3D3388334A3462458B8C161AC139A4B26C%26CID%3D0ACB0450EA2A6BCD061711FCEBED6A2A%26ID%3DDevEx%2C5047.1
2025-03-11 13:08:50,681 - INFO -   URL: https://duckduckgo.com/y.js?ad_domain=mlbshop.com&ad_provider=bingv7aa&ad_type=txad&click_metadata=MwWd9UtNF2CplqxhJHIbsQhtMTohcyzod6MN1rYjf6It7ZUCcy0hYRwyYQALyK1IM0iNbKHMQNUUnI67hOHHalibXwMQXb08jkaH4jZLW%2DRWPlaym3lMheEBnOeCOlJ%2D.sl64gS6ah107m_nhnTIKMA&rut=b256007f4fe832ce634454aa65b79eeb4cc6a9b1dee9b6661a05016583b5f0f7&u3=https%3A%2F%2Fwww.bing.com%2Faclick%3Fld%3De88IvrZepHjv4ZrmXP_0WaIzVUCUxMddgrudxeyt3qe83thO2Rn4O1K_qYWy8t_N3P138GTSgsADAJH68FDactva_AzgLoVAdmxdWU2hr7vH8ytLVwIiQanljywURAsCUtfadf7LDqcskWrFsul3OwvynXK94h8%2DS6hpZi8qxkloM_JRKzJAEAQJ0wjQKSVEHsQoMrzg%26u%3DaHR0cHMlM2ElMmYlMmZ3d3cubWxic2hvcC5jb20lMmZsYW5jZS1tY2N1bGxlcnMtanIlMmZhLTI3NDc5NjQ0JTJiei05OTk2MTE5LTQwNzM3MDgwNDclM2ZfcyUzZGdwcGMlMjZ1dG1fY2FtcGFpZ24lM2RNTEIlMjUyMC0lMjUyMEhvdXN0b24lMjUyMEFzdHJvcyUyNTIwLSUyNTIwUEwlMjUyMC0lMjUyMFVTJTI1MjAtJTI1MjBFTiU3YzU1NDg4NTg1NSUyNnV0bV9tZWRpdW0lM2RwcGMlMjZrc19pZCUzZDYyMjBfa3c3NTg2MzQ4MyUyNnV0bV90ZXJtJTNkTGFuY2UlMjUyME1jQ3VsbGVycyUyNTIwSnIuJTI2bWF0Y2h0eXBlJTNkYnAlMjZ1dG1fc291cmNlJTNkcyUyNnRhcmdldCUzZGt3ZC04MTc3NjUyMDkzNDUyMyUzYWxvYy0xOTAlMjZwY3JpZCUzZDgxNzc2MzA4ODE4MzE2JTI2bXNjbGtpZCUzZDQ5YTY0NjM0OTU1MDE0Y2RkYjViMjFlNGZiNzI0YzEw%26rlid%3D49a64634955014cddb5b21e4fb724c10&vqd=4-207585954916085865189696482824893074033&iurl=%7B1%7DIG%3D3388334A3462458B8C161AC139A4B26C%26CID%3D0ACB0450EA2A6BCD061711FCEBED6A2A%26ID%3DDevEx%2C5047.1
2025-03-11 13:08:50,682 - INFO -   URL: https://www.baseball-reference.com/players/m/mcculla02.shtml
2025-03-11 13:08:50,682 - INFO - Examining URL: /html/
2025-03-11 13:08:50,683 - INFO - Examining URL: https://duckduckgo.com/y.js?ad_domain=mlbshop.com&ad_provider=bingv7aa&ad_type=txad&click_metadata=MwWd9UtNF2CplqxhJHIbsQhtMTohcyzod6MN1rYjf6It7ZUCcy0hYRwyYQALyK1IM0iNbKHMQNUUnI67hOHHalibXwMQXb08jkaH4jZLW%2DRWPlaym3lMheEBnOeCOlJ%2D.sl64gS6ah107m_nhnTIKMA&rut=b256007f4fe832ce634454aa65b79eeb4cc6a9b1dee9b6661a05016583b5f0f7&u3=https%3A%2F%2Fwww.bing.com%2Faclick%3Fld%3De88IvrZepHjv4ZrmXP_0WaIzVUCUxMddgrudxeyt3qe83thO2Rn4O1K_qYWy8t_N3P138GTSgsADAJH68FDactva_AzgLoVAdmxdWU2hr7vH8ytLVwIiQanljywURAsCUtfadf7LDqcskWrFsul3OwvynXK94h8%2DS6hpZi8qxkloM_JRKzJAEAQJ0wjQKSVEHsQoMrzg%26u%3DaHR0cHMlM2ElMmYlMmZ3d3cubWxic2hvcC5jb20lMmZsYW5jZS1tY2N1bGxlcnMtanIlMmZhLTI3NDc5NjQ0JTJiei05OTk2MTE5LTQwNzM3MDgwNDclM2ZfcyUzZGdwcGMlMjZ1dG1fY2FtcGFpZ24lM2RNTEIlMjUyMC0lMjUyMEhvdXN0b24lMjUyMEFzdHJvcyUyNTIwLSUyNTIwUEwlMjUyMC0lMjUyMFVTJTI1MjAtJTI1MjBFTiU3YzU1NDg4NTg1NSUyNnV0bV9tZWRpdW0lM2RwcGMlMjZrc19pZCUzZDYyMjBfa3c3NTg2MzQ4MyUyNnV0bV90ZXJtJTNkTGFuY2UlMjUyME1jQ3VsbGVycyUyNTIwSnIuJTI2bWF0Y2h0eXBlJTNkYnAlMjZ1dG1fc291cmNlJTNkcyUyNnRhcmdldCUzZGt3ZC04MTc3NjUyMDkzNDUyMyUzYWxvYy0xOTAlMjZwY3JpZCUzZDgxNzc2MzA4ODE4MzE2JTI2bXNjbGtpZCUzZDQ5YTY0NjM0OTU1MDE0Y2RkYjViMjFlNGZiNzI0YzEw%26rlid%3D49a64634955014cddb5b21e4fb724c10&vqd=4-207585954916085865189696482824893074033&iurl=%7B1%7DIG%3D3388334A3462458B8C161AC139A4B26C%26CID%3D0ACB0450EA2A6BCD061711FCEBED6A2A%26ID%3DDevEx%2C5047.1
2025-03-11 13:08:50,684 - INFO - Examining URL: https://duckduckgo.com/duckduckgo-help-pages/company/ads-by-microsoft-on-duckduckgo-private-search
2025-03-11 13:08:50,684 - INFO - Examining URL: https://duckduckgo.com/y.js?ad_domain=mlbshop.com&ad_provider=bingv7aa&ad_type=txad&click_metadata=MwWd9UtNF2CplqxhJHIbsQhtMTohcyzod6MN1rYjf6It7ZUCcy0hYRwyYQALyK1IM0iNbKHMQNUUnI67hOHHalibXwMQXb08jkaH4jZLW%2DRWPlaym3lMheEBnOeCOlJ%2D.sl64gS6ah107m_nhnTIKMA&rut=b256007f4fe832ce634454aa65b79eeb4cc6a9b1dee9b6661a05016583b5f0f7&u3=https%3A%2F%2Fwww.bing.com%2Faclick%3Fld%3De88IvrZepHjv4ZrmXP_0WaIzVUCUxMddgrudxeyt3qe83thO2Rn4O1K_qYWy8t_N3P138GTSgsADAJH68FDactva_AzgLoVAdmxdWU2hr7vH8ytLVwIiQanljywURAsCUtfadf7LDqcskWrFsul3OwvynXK94h8%2DS6hpZi8qxkloM_JRKzJAEAQJ0wjQKSVEHsQoMrzg%26u%3DaHR0cHMlM2ElMmYlMmZ3d3cubWxic2hvcC5jb20lMmZsYW5jZS1tY2N1bGxlcnMtanIlMmZhLTI3NDc5NjQ0JTJiei05OTk2MTE5LTQwNzM3MDgwNDclM2ZfcyUzZGdwcGMlMjZ1dG1fY2FtcGFpZ24lM2RNTEIlMjUyMC0lMjUyMEhvdXN0b24lMjUyMEFzdHJvcyUyNTIwLSUyNTIwUEwlMjUyMC0lMjUyMFVTJTI1MjAtJTI1MjBFTiU3YzU1NDg4NTg1NSUyNnV0bV9tZWRpdW0lM2RwcGMlMjZrc19pZCUzZDYyMjBfa3c3NTg2MzQ4MyUyNnV0bV90ZXJtJTNkTGFuY2UlMjUyME1jQ3VsbGVycyUyNTIwSnIuJTI2bWF0Y2h0eXBlJTNkYnAlMjZ1dG1fc291cmNlJTNkcyUyNnRhcmdldCUzZGt3ZC04MTc3NjUyMDkzNDUyMyUzYWxvYy0xOTAlMjZwY3JpZCUzZDgxNzc2MzA4ODE4MzE2JTI2bXNjbGtpZCUzZDQ5YTY0NjM0OTU1MDE0Y2RkYjViMjFlNGZiNzI0YzEw%26rlid%3D49a64634955014cddb5b21e4fb724c10&vqd=4-207585954916085865189696482824893074033&iurl=%7B1%7DIG%3D3388334A3462458B8C161AC139A4B26C%26CID%3D0ACB0450EA2A6BCD061711FCEBED6A2A%26ID%3DDevEx%2C5047.1
2025-03-11 13:08:50,685 - INFO - Examining URL: https://duckduckgo.com/y.js?ad_domain=mlbshop.com&ad_provider=bingv7aa&ad_type=txad&click_metadata=MwWd9UtNF2CplqxhJHIbsQhtMTohcyzod6MN1rYjf6It7ZUCcy0hYRwyYQALyK1IM0iNbKHMQNUUnI67hOHHalibXwMQXb08jkaH4jZLW%2DRWPlaym3lMheEBnOeCOlJ%2D.sl64gS6ah107m_nhnTIKMA&rut=b256007f4fe832ce634454aa65b79eeb4cc6a9b1dee9b6661a05016583b5f0f7&u3=https%3A%2F%2Fwww.bing.com%2Faclick%3Fld%3De88IvrZepHjv4ZrmXP_0WaIzVUCUxMddgrudxeyt3qe83thO2Rn4O1K_qYWy8t_N3P138GTSgsADAJH68FDactva_AzgLoVAdmxdWU2hr7vH8ytLVwIiQanljywURAsCUtfadf7LDqcskWrFsul3OwvynXK94h8%2DS6hpZi8qxkloM_JRKzJAEAQJ0wjQKSVEHsQoMrzg%26u%3DaHR0cHMlM2ElMmYlMmZ3d3cubWxic2hvcC5jb20lMmZsYW5jZS1tY2N1bGxlcnMtanIlMmZhLTI3NDc5NjQ0JTJiei05OTk2MTE5LTQwNzM3MDgwNDclM2ZfcyUzZGdwcGMlMjZ1dG1fY2FtcGFpZ24lM2RNTEIlMjUyMC0lMjUyMEhvdXN0b24lMjUyMEFzdHJvcyUyNTIwLSUyNTIwUEwlMjUyMC0lMjUyMFVTJTI1MjAtJTI1MjBFTiU3YzU1NDg4NTg1NSUyNnV0bV9tZWRpdW0lM2RwcGMlMjZrc19pZCUzZDYyMjBfa3c3NTg2MzQ4MyUyNnV0bV90ZXJtJTNkTGFuY2UlMjUyME1jQ3VsbGVycyUyNTIwSnIuJTI2bWF0Y2h0eXBlJTNkYnAlMjZ1dG1fc291cmNlJTNkcyUyNnRhcmdldCUzZGt3ZC04MTc3NjUyMDkzNDUyMyUzYWxvYy0xOTAlMjZwY3JpZCUzZDgxNzc2MzA4ODE4MzE2JTI2bXNjbGtpZCUzZDQ5YTY0NjM0OTU1MDE0Y2RkYjViMjFlNGZiNzI0YzEw%26rlid%3D49a64634955014cddb5b21e4fb724c10&vqd=4-207585954916085865189696482824893074033&iurl=%7B1%7DIG%3D3388334A3462458B8C161AC139A4B26C%26CID%3D0ACB0450EA2A6BCD061711FCEBED6A2A%26ID%3DDevEx%2C5047.1
2025-03-11 13:08:50,685 - INFO - Examining URL: https://www.baseball-reference.com/players/m/mcculla02.shtml
2025-03-11 13:08:50,686 - INFO - Found ID: mcculla02 for Lance McCullers Jr.
2025-03-11 13:08:50,687 - INFO - Verifying URL: https://www.baseball-reference.com/players/m/mcculla02.shtml
2025-03-11 13:08:51,296 - WARNING - ID mcculla02 not valid - URL returned 403
2025-03-11 13:08:51,297 - INFO - Examining URL: https://www.baseball-reference.com/players/m/mcculla02.shtml
2025-03-11 13:08:51,297 - INFO - Found ID: mcculla02 for Lance McCullers Jr.
2025-03-11 13:08:51,298 - INFO - Verifying URL: https://www.baseball-reference.com/players/m/mcculla02.shtml
2025-03-11 13:08:51,812 - WARNING - ID mcculla02 not valid - URL returned 403
2025-03-11 13:08:51,813 - INFO - Examining URL: https://www.baseball-reference.com/players/m/mcculla02.shtml
2025-03-11 13:08:51,814 - INFO - Found ID: mcculla02 for Lance McCullers Jr.
2025-03-11 13:08:51,814 - INFO - Verifying URL: https://www.baseball-reference.com/players/m/mcculla02.shtml
2025-03-11 13:08:52,392 - WARNING - ID mcculla02 not valid - URL returned 403
2025-03-11 13:08:52,393 - INFO - Examining URL: https://www.baseball-reference.com/players/m/mcculla02.shtml
2025-03-11 13:08:52,394 - INFO - Found ID: mcculla02 for Lance McCullers Jr.
2025-03-11 13:08:52,395 - INFO - Verifying URL: https://www.baseball-reference.com/players/m/mcculla02.shtml
2025-03-11 13:08:52,933 - WARNING - ID mcculla02 not valid - URL returned 403
2025-03-11 13:08:52,934 - INFO - Examining URL: https://www.baseball-reference.com/players/m/mcculla02-field.shtml
2025-03-11 13:08:52,934 - INFO - Found ID: mcculla02-field for Lance McCullers Jr.
2025-03-11 13:08:52,935 - INFO - Verifying URL: https://www.baseball-reference.com/players/m/mcculla02-field.shtml
2025-03-11 13:08:53,577 - WARNING - ID mcculla02-field not valid - URL returned 403
2025-03-11 13:08:53,577 - INFO - Examining URL: https://www.baseball-reference.com/players/m/mcculla02-field.shtml
2025-03-11 13:08:53,578 - INFO - Found ID: mcculla02-field for Lance McCullers Jr.
2025-03-11 13:08:53,578 - INFO - Verifying URL: https://www.baseball-reference.com/players/m/mcculla02-field.shtml
2025-03-11 13:08:54,280 - WARNING - ID mcculla02-field not valid - URL returned 403
2025-03-11 13:08:54,281 - INFO - Examining URL: https://www.baseball-reference.com/players/m/mcculla02-field.shtml
2025-03-11 13:08:54,282 - INFO - Found ID: mcculla02-field for Lance McCullers Jr.
2025-03-11 13:08:54,282 - INFO - Verifying URL: https://www.baseball-reference.com/players/m/mcculla02-field.shtml
2025-03-11 13:08:54,951 - WARNING - ID mcculla02-field not valid - URL returned 403
2025-03-11 13:08:54,951 - INFO - Examining URL: https://www.baseball-reference.com/players/m/mcculla02-field.shtml
2025-03-11 13:08:54,951 - INFO - Found ID: mcculla02-field for Lance McCullers Jr.
2025-03-11 13:08:54,952 - INFO - Verifying URL: https://www.baseball-reference.com/players/m/mcculla02-field.shtml
2025-03-11 13:08:55,458 - WARNING - ID mcculla02-field not valid - URL returned 403
2025-03-11 13:08:55,458 - INFO - Examining URL: https://www.baseball-reference.com/bullpen/Lance_McCullers_Jr.
2025-03-11 13:08:55,459 - INFO - Examining URL: https://www.baseball-reference.com/bullpen/Lance_McCullers_Jr.
2025-03-11 13:08:55,459 - INFO - Examining URL: https://www.baseball-reference.com/bullpen/Lance_McCullers_Jr.
2025-03-11 13:08:55,459 - INFO - Examining URL: https://www.baseball-reference.com/bullpen/Lance_McCullers_Jr.
2025-03-11 13:08:55,460 - INFO - Examining URL: https://www.baseball-reference.com/register/player.fcgi?id=mccull002lan
2025-03-11 13:08:55,460 - INFO - Examining URL: https://www.baseball-reference.com/register/player.fcgi?id=mccull002lan
2025-03-11 13:08:55,460 - INFO - Examining URL: https://www.baseball-reference.com/register/player.fcgi?id=mccull002lan
2025-03-11 13:08:55,461 - INFO - Examining URL: https://www.baseball-reference.com/register/player.fcgi?id=mccull002lan
2025-03-11 13:08:55,461 - INFO - Examining URL: https://aws.baseball-reference.com/bullpen/Lance_McCullers
2025-03-11 13:08:55,461 - INFO - Examining URL: https://aws.baseball-reference.com/bullpen/Lance_McCullers
2025-03-11 13:08:55,461 - INFO - Examining URL: https://aws.baseball-reference.com/bullpen/Lance_McCullers
2025-03-11 13:08:55,462 - INFO - Examining URL: https://aws.baseball-reference.com/bullpen/Lance_McCullers
2025-03-11 13:08:55,462 - INFO - Examining URL: https://www.baseball-reference.com/tools/split_stats.cgi?full=1&params=oppon%7COAK%7Cmcculla02%7Cpitch%7CIP%7C
2025-03-11 13:08:55,462 - INFO - Examining URL: https://www.baseball-reference.com/tools/split_stats.cgi?full=1&params=oppon%7COAK%7Cmcculla02%7Cpitch%7CIP%7C
2025-03-11 13:08:55,462 - INFO - Examining URL: https://www.baseball-reference.com/tools/split_stats.cgi?full=1&params=oppon%7COAK%7Cmcculla02%7Cpitch%7CIP%7C
2025-03-11 13:08:55,463 - INFO - Examining URL: https://www.baseball-reference.com/tools/split_stats.cgi?full=1&params=oppon%7COAK%7Cmcculla02%7Cpitch%7CIP%7C
2025-03-11 13:08:55,463 - INFO - Examining URL: https://www.baseball-reference.com/tools/share.fcgi?id=4p4qo
2025-03-11 13:08:55,463 - INFO - Examining URL: https://www.baseball-reference.com/tools/share.fcgi?id=4p4qo
2025-03-11 13:08:55,464 - INFO - Examining URL: https://www.baseball-reference.com/tools/share.fcgi?id=4p4qo
2025-03-11 13:08:55,464 - INFO - Examining URL: https://www.baseball-reference.com/tools/share.fcgi?id=4p4qo
2025-03-11 13:08:55,464 - INFO - Examining URL: https://www.baseball-reference.com/teams/HOU/leaders_pitch_50.shtml
2025-03-11 13:08:55,465 - INFO - Examining URL: https://www.baseball-reference.com/teams/HOU/leaders_pitch_50.shtml
2025-03-11 13:08:55,465 - INFO - Examining URL: https://www.baseball-reference.com/teams/HOU/leaders_pitch_50.shtml
2025-03-11 13:08:55,465 - INFO - Examining URL: https://www.baseball-reference.com/teams/HOU/leaders_pitch_50.shtml
2025-03-11 13:08:55,465 - INFO - Examining URL: https://www.baseball-reference.com/players/news.fcgi?id=mcculla02
2025-03-11 13:08:55,466 - INFO - Examining URL: https://www.baseball-reference.com/players/news.fcgi?id=mcculla02
2025-03-11 13:08:55,466 - INFO - Examining URL: https://www.baseball-reference.com/players/news.fcgi?id=mcculla02
2025-03-11 13:08:55,466 - INFO - Examining URL: https://www.baseball-reference.com/players/news.fcgi?id=mcculla02
2025-03-11 13:08:55,467 - INFO - Examining URL: https://www.baseball-reference.com/teams/HOU/leaders_bat_50.shtml
2025-03-11 13:08:55,467 - INFO - Examining URL: https://www.baseball-reference.com/teams/HOU/leaders_bat_50.shtml
2025-03-11 13:08:55,467 - INFO - Examining URL: https://www.baseball-reference.com/teams/HOU/leaders_bat_50.shtml
2025-03-11 13:08:55,467 - INFO - Examining URL: https://www.baseball-reference.com/teams/HOU/leaders_bat_50.shtml
2025-03-11 13:08:55,468 - INFO - Examining URL: //duckduckgo.com/feedback.html
2025-03-11 13:08:55,468 - INFO - Found minor league ID: mccull002lan for Lance McCullers Jr.
2025-03-11 13:08:55,472 - INFO - Waiting for 3.6 seconds before next request
2025-03-11 13:08:59,717 - INFO - Successfully added Lance McCullers Jr. (mccull002lan) to database
2025-03-11 13:09:00,719 - INFO - Searching for: Lucas Giolito (BOS)
2025-03-11 13:09:00,720 - INFO - Search URL: https://duckduckgo.com/html/?q=Lucas%20Giolito%20BOS%20site%3Abaseball-reference.com
2025-03-11 13:09:03,084 - INFO - Saved search results to google_search_Lucas_Giolito.html
2025-03-11 13:09:03,101 - INFO - Using fallback selector for results
2025-03-11 13:09:03,101 - INFO - Found 42 total links
2025-03-11 13:09:03,101 - INFO - Top 5 URLs found in search results:
2025-03-11 13:09:03,102 - INFO -   URL: https://www.baseball-reference.com/players/g/giolilu01.shtml
2025-03-11 13:09:03,102 - INFO -   URL: https://www.baseball-reference.com/players/g/giolilu01.shtml
2025-03-11 13:09:03,103 - INFO -   URL: https://www.baseball-reference.com/players/g/giolilu01.shtml
2025-03-11 13:09:03,103 - INFO -   URL: https://www.baseball-reference.com/players/g/giolilu01.shtml
2025-03-11 13:09:03,103 - INFO -   URL: https://www.baseball-reference.com/register/player.fcgi?id=giolit000luc
2025-03-11 13:09:03,104 - INFO - Examining URL: /html/
2025-03-11 13:09:03,104 - INFO - Examining URL: https://www.baseball-reference.com/players/g/giolilu01.shtml
2025-03-11 13:09:03,105 - INFO - Found ID: giolilu01 for Lucas Giolito
2025-03-11 13:09:03,105 - INFO - Verifying URL: https://www.baseball-reference.com/players/g/giolilu01.shtml
2025-03-11 13:09:03,774 - WARNING - ID giolilu01 not valid - URL returned 403
2025-03-11 13:09:03,775 - INFO - Examining URL: https://www.baseball-reference.com/players/g/giolilu01.shtml
2025-03-11 13:09:03,775 - INFO - Found ID: giolilu01 for Lucas Giolito
2025-03-11 13:09:03,776 - INFO - Verifying URL: https://www.baseball-reference.com/players/g/giolilu01.shtml
2025-03-11 13:09:04,478 - WARNING - ID giolilu01 not valid - URL returned 403
2025-03-11 13:09:04,479 - INFO - Examining URL: https://www.baseball-reference.com/players/g/giolilu01.shtml
2025-03-11 13:09:04,479 - INFO - Found ID: giolilu01 for Lucas Giolito
2025-03-11 13:09:04,480 - INFO - Verifying URL: https://www.baseball-reference.com/players/g/giolilu01.shtml
2025-03-11 13:09:05,155 - WARNING - ID giolilu01 not valid - URL returned 403
2025-03-11 13:09:05,156 - INFO - Examining URL: https://www.baseball-reference.com/players/g/giolilu01.shtml
2025-03-11 13:09:05,156 - INFO - Found ID: giolilu01 for Lucas Giolito
2025-03-11 13:09:05,157 - INFO - Verifying URL: https://www.baseball-reference.com/players/g/giolilu01.shtml
2025-03-11 13:09:05,911 - WARNING - ID giolilu01 not valid - URL returned 403
2025-03-11 13:09:05,912 - INFO - Examining URL: https://www.baseball-reference.com/register/player.fcgi?id=giolit000luc
2025-03-11 13:09:05,913 - INFO - Examining URL: https://www.baseball-reference.com/register/player.fcgi?id=giolit000luc
2025-03-11 13:09:05,913 - INFO - Examining URL: https://www.baseball-reference.com/register/player.fcgi?id=giolit000luc
2025-03-11 13:09:05,914 - INFO - Examining URL: https://www.baseball-reference.com/register/player.fcgi?id=giolit000luc
2025-03-11 13:09:05,915 - INFO - Examining URL: https://www.baseball-reference.com/bullpen/Lucas_Giolito
2025-03-11 13:09:05,916 - INFO - Examining URL: https://www.baseball-reference.com/bullpen/Lucas_Giolito
2025-03-11 13:09:05,917 - INFO - Examining URL: https://www.baseball-reference.com/bullpen/Lucas_Giolito
2025-03-11 13:09:05,918 - INFO - Examining URL: https://www.baseball-reference.com/bullpen/Lucas_Giolito
2025-03-11 13:09:05,918 - INFO - Examining URL: https://www.baseball-reference.com/tools/split_stats.cgi?full=1&params=oppon%7CSEA%7Cgiolilu01%7Cpitch%7CIP%7C
2025-03-11 13:09:05,920 - INFO - Examining URL: https://www.baseball-reference.com/tools/split_stats.cgi?full=1&params=oppon%7CSEA%7Cgiolilu01%7Cpitch%7CIP%7C
2025-03-11 13:09:05,921 - INFO - Examining URL: https://www.baseball-reference.com/tools/split_stats.cgi?full=1&params=oppon%7CSEA%7Cgiolilu01%7Cpitch%7CIP%7C
2025-03-11 13:09:05,922 - INFO - Examining URL: https://www.baseball-reference.com/tools/split_stats.cgi?full=1&params=oppon%7CSEA%7Cgiolilu01%7Cpitch%7CIP%7C
2025-03-11 13:09:05,923 - INFO - Examining URL: https://www.baseball-reference.com/teams/BOS/index.shtml
2025-03-11 13:09:05,924 - INFO - Examining URL: https://www.baseball-reference.com/teams/BOS/index.shtml
2025-03-11 13:09:05,924 - INFO - Examining URL: https://www.baseball-reference.com/teams/BOS/index.shtml
2025-03-11 13:09:05,925 - INFO - Examining URL: https://www.baseball-reference.com/teams/BOS/index.shtml
2025-03-11 13:09:05,925 - INFO - Examining URL: https://www.baseball-reference.com/tools/share.fcgi?id=Lxct6
2025-03-11 13:09:05,925 - INFO - Examining URL: https://www.baseball-reference.com/tools/share.fcgi?id=Lxct6
2025-03-11 13:09:05,926 - INFO - Examining URL: https://www.baseball-reference.com/tools/share.fcgi?id=Lxct6
2025-03-11 13:09:05,927 - INFO - Examining URL: https://www.baseball-reference.com/tools/share.fcgi?id=Lxct6
2025-03-11 13:09:05,928 - INFO - Examining URL: https://www.baseball-reference.com/teams/BOS/staff.shtml
2025-03-11 13:09:05,930 - INFO - Examining URL: https://www.baseball-reference.com/teams/BOS/staff.shtml
2025-03-11 13:09:05,931 - INFO - Examining URL: https://www.baseball-reference.com/teams/BOS/staff.shtml
2025-03-11 13:09:05,932 - INFO - Examining URL: https://www.baseball-reference.com/teams/BOS/staff.shtml
2025-03-11 13:09:05,933 - INFO - Examining URL: https://www.baseball-reference.com/teams/CHW/2019.shtml
2025-03-11 13:09:05,934 - INFO - Examining URL: https://www.baseball-reference.com/teams/CHW/2019.shtml
2025-03-11 13:09:05,934 - INFO - Examining URL: https://www.baseball-reference.com/teams/CHW/2019.shtml
2025-03-11 13:09:05,935 - INFO - Examining URL: https://www.baseball-reference.com/teams/CHW/2019.shtml
2025-03-11 13:09:05,935 - INFO - Examining URL: https://www.baseball-reference.com/players/news.fcgi?id=giolilu01
2025-03-11 13:09:05,936 - INFO - Examining URL: https://www.baseball-reference.com/players/news.fcgi?id=giolilu01
2025-03-11 13:09:05,936 - INFO - Examining URL: https://www.baseball-reference.com/players/news.fcgi?id=giolilu01
2025-03-11 13:09:05,937 - INFO - Examining URL: https://www.baseball-reference.com/players/news.fcgi?id=giolilu01
2025-03-11 13:09:05,938 - INFO - Examining URL: https://www.baseball-reference.com/leagues/majors/2020-uniform-numbers.shtml
2025-03-11 13:09:05,938 - INFO - Examining URL: https://www.baseball-reference.com/leagues/majors/2020-uniform-numbers.shtml
2025-03-11 13:09:05,939 - INFO - Examining URL: https://www.baseball-reference.com/leagues/majors/2020-uniform-numbers.shtml
2025-03-11 13:09:05,940 - INFO - Examining URL: https://www.baseball-reference.com/leagues/majors/2020-uniform-numbers.shtml
2025-03-11 13:09:05,941 - INFO - Examining URL: //duckduckgo.com/feedback.html
2025-03-11 13:09:05,941 - INFO - Found minor league ID: giolit000luc for Lucas Giolito
2025-03-11 13:09:05,947 - INFO - Waiting for 2.7 seconds before next request
2025-03-11 13:09:08,631 - INFO - Line 2: Skipping minor league player 'Lucas Giolito' with ID 'giolit000luc'
2025-03-11 13:09:08,631 - INFO - Searching for: Angel Perdomo (ATL)
2025-03-11 13:09:08,633 - INFO - Search URL: https://duckduckgo.com/html/?q=Angel%20Perdomo%20ATL%20site%3Abaseball-reference.com
2025-03-11 13:09:10,139 - INFO - Saved search results to google_search_Angel_Perdomo.html
2025-03-11 13:09:10,149 - INFO - Using fallback selector for results
2025-03-11 13:09:10,152 - INFO - Found 1 total links
2025-03-11 13:09:10,154 - INFO - Top 5 URLs found in search results:
2025-03-11 13:09:10,154 - INFO - Examining URL: /html/
2025-03-11 13:09:10,157 - INFO - Waiting for 4.5 seconds before next request
2025-03-11 13:09:14,643 - WARNING - Line 3: Could not find Baseball Reference ID for 'Angel Perdomo (ATL)'
2025-03-11 13:09:14,643 - INFO - Searching for: Alan Rangel (PHI)
2025-03-11 13:09:14,644 - INFO - Search URL: https://duckduckgo.com/html/?q=Alan%20Rangel%20PHI%20site%3Abaseball-reference.com
2025-03-11 13:09:16,101 - INFO - Saved search results to google_search_Alan_Rangel.html
2025-03-11 13:09:16,108 - INFO - Using fallback selector for results
2025-03-11 13:09:16,108 - INFO - Found 1 total links
2025-03-11 13:09:16,109 - INFO - Top 5 URLs found in search results:
2025-03-11 13:09:16,109 - INFO - Examining URL: /html/
2025-03-11 13:09:16,115 - INFO - Waiting for 3.8 seconds before next request
2025-03-11 13:09:19,919 - WARNING - Line 4: Could not find Baseball Reference ID for 'Alan Rangel (PHI)'
2025-03-11 13:09:19,921 - INFO - Searching for: Bennett Sousa (HOU)
2025-03-11 13:09:19,925 - INFO - Search URL: https://duckduckgo.com/html/?q=Bennett%20Sousa%20HOU%20site%3Abaseball-reference.com
2025-03-11 13:09:19,928 - INFO - Process interrupted by user. Returning current results.
2025-03-11 13:09:19,930 - INFO - Processing complete!
2025-03-11 13:09:19,931 - INFO - Summary: 1 added, 3 skipped, 0 errors
2025-03-11 13:09:19,931 - INFO - Last successful player: Lance McCullers Jr. (HOU) - mccull002lan
2025-03-11 13:17:55,302 - INFO - SSL verification disabled for all requests
2025-03-11 13:17:55,303 - INFO - Starting to process player list from players.txt
2025-03-11 13:17:55,303 - INFO - Using API endpoint: https://localhost:44346/api/MLBPlayer
2025-03-11 13:17:55,304 - INFO - Searching for: Lance McCullers Jr. (HOU)
2025-03-11 13:17:55,305 - INFO - Search URL: https://duckduckgo.com/html/?q=Lance%20McCullers%20Jr.%20HOU%20site%3Abaseball-reference.com
2025-03-11 13:17:56,753 - INFO - Using fallback selector for results
2025-03-11 13:17:56,754 - INFO - Found 1 total links
2025-03-11 13:17:56,756 - INFO - Baseball Reference URLs found:
2025-03-11 13:17:56,756 - INFO -   No direct Baseball Reference player URLs found
2025-03-11 13:17:56,756 - WARNING - No Baseball Reference ID found for Lance McCullers Jr. (HOU)
2025-03-11 13:17:56,761 - INFO - Waiting for 2.1 seconds before next request
2025-03-11 13:17:58,882 - WARNING - Line 1: Could not find Baseball Reference ID for 'Lance McCullers Jr. (HOU)'
2025-03-11 13:17:58,882 - INFO - Searching for: Lucas Giolito (BOS)
2025-03-11 13:17:58,884 - INFO - Search URL: https://duckduckgo.com/html/?q=Lucas%20Giolito%20BOS%20site%3Abaseball-reference.com
2025-03-11 13:18:00,332 - INFO - Using fallback selector for results
2025-03-11 13:18:00,333 - INFO - Found 1 total links
2025-03-11 13:18:00,334 - INFO - Baseball Reference URLs found:
2025-03-11 13:18:00,334 - INFO -   No direct Baseball Reference player URLs found
2025-03-11 13:18:00,334 - WARNING - No Baseball Reference ID found for Lucas Giolito (BOS)
2025-03-11 13:18:00,339 - INFO - Waiting for 4.3 seconds before next request
2025-03-11 13:18:04,672 - WARNING - Line 2: Could not find Baseball Reference ID for 'Lucas Giolito (BOS)'
2025-03-11 13:18:04,672 - INFO - Searching for: Angel Perdomo (ATL)
2025-03-11 13:18:04,673 - INFO - Search URL: https://duckduckgo.com/html/?q=Angel%20Perdomo%20ATL%20site%3Abaseball-reference.com
2025-03-11 13:18:06,155 - INFO - Using fallback selector for results
2025-03-11 13:18:06,156 - INFO - Found 1 total links
2025-03-11 13:18:06,157 - INFO - Baseball Reference URLs found:
2025-03-11 13:18:06,157 - INFO -   No direct Baseball Reference player URLs found
2025-03-11 13:18:06,157 - WARNING - No Baseball Reference ID found for Angel Perdomo (ATL)
2025-03-11 13:18:06,159 - INFO - Waiting for 2.3 seconds before next request
2025-03-11 13:18:08,503 - WARNING - Line 3: Could not find Baseball Reference ID for 'Angel Perdomo (ATL)'
2025-03-11 13:18:08,504 - INFO - Searching for: Alan Rangel (PHI)
2025-03-11 13:18:08,506 - INFO - Search URL: https://duckduckgo.com/html/?q=Alan%20Rangel%20PHI%20site%3Abaseball-reference.com
2025-03-11 13:18:09,986 - INFO - Using fallback selector for results
2025-03-11 13:18:09,987 - INFO - Found 1 total links
2025-03-11 13:18:09,988 - INFO - Baseball Reference URLs found:
2025-03-11 13:18:09,988 - INFO -   No direct Baseball Reference player URLs found
2025-03-11 13:18:09,989 - WARNING - No Baseball Reference ID found for Alan Rangel (PHI)
2025-03-11 13:18:09,992 - INFO - Waiting for 3.7 seconds before next request
2025-03-11 13:18:10,128 - INFO - Process interrupted by user. Returning current results.
2025-03-11 13:18:10,129 - INFO - Processing complete!
2025-03-11 13:18:10,129 - INFO - Summary: 0 added, 3 skipped, 0 errors
2025-03-11 13:18:10,130 - INFO - Last successful player: None
2025-03-11 13:19:12,922 - INFO - SSL verification disabled for all requests
2025-03-11 13:19:12,922 - INFO - Starting to process player list from players.txt
2025-03-11 13:19:12,923 - INFO - Using API endpoint: https://localhost:44346/api/MLBPlayer
2025-03-11 13:19:12,924 - INFO - Searching for: Lance McCullers Jr. (HOU)
2025-03-11 13:19:12,924 - INFO - Search URL: https://duckduckgo.com/html/?q=Lance%20McCullers%20Jr.%20HOU%20site%3Abaseball-reference.com
2025-03-11 13:19:14,363 - INFO - Using fallback selector for results
2025-03-11 13:19:14,363 - INFO - Found 1 total links
2025-03-11 13:19:14,366 - INFO - Waiting for 3.8 seconds before next request
2025-03-11 13:19:18,157 - WARNING - Line 1: Could not find Baseball Reference ID for 'Lance McCullers Jr. (HOU)'
2025-03-11 13:19:18,157 - INFO - Searching for: Lucas Giolito (BOS)
2025-03-11 13:19:18,157 - INFO - Search URL: https://duckduckgo.com/html/?q=Lucas%20Giolito%20BOS%20site%3Abaseball-reference.com
2025-03-11 13:19:19,655 - INFO - Using fallback selector for results
2025-03-11 13:19:19,656 - INFO - Found 1 total links
2025-03-11 13:19:19,663 - INFO - Waiting for 3.2 seconds before next request
2025-03-11 13:19:21,237 - INFO - Process interrupted by user. Returning current results.
2025-03-11 13:19:21,238 - INFO - Processing complete!
2025-03-11 13:19:21,238 - INFO - Summary: 0 added, 1 skipped, 0 errors
2025-03-11 13:19:21,239 - INFO - Last successful player: None
2025-03-11 13:20:16,747 - INFO - SSL verification disabled for all requests
2025-03-11 13:20:16,748 - INFO - Starting to process player list from players.txt
2025-03-11 13:20:16,748 - INFO - Using API endpoint: https://localhost:44346/api/MLBPlayer
2025-03-11 13:20:16,749 - INFO - Searching for: Lucas Giolito (BOS)
2025-03-11 13:20:16,750 - INFO - Search URL: https://duckduckgo.com/html/?q=Lucas%20Giolito%20BOS%20site%3Abaseball-reference.com/players
2025-03-11 13:20:18,145 - INFO - Found 2 total links
2025-03-11 13:20:18,146 - INFO - Found 0 Baseball Reference URLs:
2025-03-11 13:20:18,146 - INFO - Trying more general search: https://duckduckgo.com/html/?q=Lucas%20Giolito%20BOS%20site%3Abaseball-reference.com
2025-03-11 13:20:19,375 - INFO - Found 0 Baseball Reference URLs in general search:
2025-03-11 13:20:19,376 - WARNING - No Baseball Reference ID found for Lucas Giolito (BOS)
2025-03-11 13:20:19,380 - INFO - Waiting for 2.0 seconds before next request
2025-03-11 13:20:21,413 - WARNING - Line 1: Could not find Baseball Reference ID for 'Lucas Giolito (BOS)'
2025-03-11 13:20:21,414 - INFO - Searching for: Angel Perdomo (ATL)
2025-03-11 13:20:21,414 - INFO - Search URL: https://duckduckgo.com/html/?q=Angel%20Perdomo%20ATL%20site%3Abaseball-reference.com/players
2025-03-11 13:20:22,734 - INFO - Found 2 total links
2025-03-11 13:20:22,734 - INFO - Found 0 Baseball Reference URLs:
2025-03-11 13:20:22,734 - INFO - Trying more general search: https://duckduckgo.com/html/?q=Angel%20Perdomo%20ATL%20site%3Abaseball-reference.com
2025-03-11 13:20:24,134 - INFO - Found 0 Baseball Reference URLs in general search:
2025-03-11 13:20:24,135 - WARNING - No Baseball Reference ID found for Angel Perdomo (ATL)
2025-03-11 13:20:24,138 - INFO - Waiting for 2.7 seconds before next request
2025-03-11 13:20:25,003 - INFO - Process interrupted by user. Returning current results.
2025-03-11 13:20:25,004 - INFO - Processing complete!
2025-03-11 13:20:25,004 - INFO - Summary: 0 added, 1 skipped, 0 errors
2025-03-11 13:20:25,004 - INFO - Last successful player: None
2025-03-11 13:26:02,911 - INFO - SSL verification disabled for all requests
2025-03-11 13:26:02,911 - INFO - Starting to process player list from players.txt
2025-03-11 13:26:02,912 - INFO - Using API endpoint: https://localhost:44346/api/MLBPlayer
2025-03-11 13:26:02,913 - INFO - Searching for: Lucas Giolito (BOS)
2025-03-11 13:26:02,913 - INFO - Search URL: https://html.duckduckgo.com/html/?q=Lucas%20Giolito%20BOS%20site%3Abaseball-reference.com/players
2025-03-11 13:26:04,396 - INFO - Found 42 links in search results
2025-03-11 13:26:04,397 - INFO - Candidate link: https://www.baseball-reference.com/players/g/giolilu01.shtml
2025-03-11 13:26:04,398 - INFO - Found major league ID: giolilu01 for Lucas Giolito
2025-03-11 13:26:04,401 - INFO - Waiting for 3.0 seconds before next request
2025-03-11 13:26:07,919 - INFO - Successfully added Lucas Giolito (giolilu01) to database
2025-03-11 13:26:07,922 - INFO - Added to database: Lucas Giolito (BOS) with ID giolilu01
2025-03-11 13:26:08,923 - INFO - Searching for: Angel Perdomo (ATL)
2025-03-11 13:26:08,923 - INFO - Search URL: https://html.duckduckgo.com/html/?q=Angel%20Perdomo%20ATL%20site%3Abaseball-reference.com/players
2025-03-11 13:26:10,291 - INFO - Found 42 links in search results
2025-03-11 13:26:10,291 - INFO - Candidate link: https://www.baseball-reference.com/players/p/perdoan01.shtml
2025-03-11 13:26:10,292 - INFO - Found major league ID: perdoan01 for Angel Perdomo
2025-03-11 13:26:10,295 - INFO - Waiting for 3.9 seconds before next request
2025-03-11 13:26:14,763 - INFO - Successfully added Angel Perdomo (perdoan01) to database
2025-03-11 13:26:14,765 - INFO - Added to database: Angel Perdomo (ATL) with ID perdoan01
2025-03-11 13:26:15,767 - INFO - Searching for: Alan Rangel (PHI)
2025-03-11 13:26:15,767 - INFO - Search URL: https://html.duckduckgo.com/html/?q=Alan%20Rangel%20PHI%20site%3Abaseball-reference.com/players
2025-03-11 13:26:17,208 - INFO - Found 42 links in search results
2025-03-11 13:26:17,208 - INFO - Candidate link: https://www.baseball-reference.com/players/s/stranal01.shtml
2025-03-11 13:26:17,209 - INFO - Found major league ID: stranal01 for Alan Rangel
2025-03-11 13:26:17,212 - INFO - Waiting for 3.4 seconds before next request
2025-03-11 13:26:21,089 - INFO - Successfully added Alan Rangel (stranal01) to database
2025-03-11 13:26:21,092 - INFO - Added to database: Alan Rangel (PHI) with ID stranal01
2025-03-11 13:26:22,093 - INFO - Searching for: Bennett Sousa (HOU)
2025-03-11 13:26:22,093 - INFO - Search URL: https://html.duckduckgo.com/html/?q=Bennett%20Sousa%20HOU%20site%3Abaseball-reference.com/players
2025-03-11 13:26:23,622 - INFO - Found 42 links in search results
2025-03-11 13:26:23,622 - INFO - Candidate link: https://www.baseball-reference.com/players/s/sousabe01.shtml
2025-03-11 13:26:23,623 - INFO - Found major league ID: sousabe01 for Bennett Sousa
2025-03-11 13:26:23,625 - INFO - Waiting for 2.3 seconds before next request
2025-03-11 13:26:26,450 - INFO - Successfully added Bennett Sousa (sousabe01) to database
2025-03-11 13:26:26,455 - INFO - Added to database: Bennett Sousa (HOU) with ID sousabe01
2025-03-11 13:26:27,458 - INFO - Searching for: Anderson Pilar (ATL)
2025-03-11 13:26:27,459 - INFO - Search URL: https://html.duckduckgo.com/html/?q=Anderson%20Pilar%20ATL%20site%3Abaseball-reference.com/players
2025-03-11 13:26:29,426 - INFO - Found 42 links in search results
2025-03-11 13:26:29,426 - INFO - Candidate link: https://www.baseball-reference.com/players/a/anderia01.shtml
2025-03-11 13:26:29,426 - INFO - Found major league ID: anderia01 for Anderson Pilar
2025-03-11 13:26:29,428 - INFO - Waiting for 2.1 seconds before next request
2025-03-11 13:26:32,224 - INFO - Successfully added Anderson Pilar (anderia01) to database
2025-03-11 13:26:32,228 - INFO - Added to database: Anderson Pilar (ATL) with ID anderia01
2025-03-11 13:26:33,228 - INFO - Searching for: Max Kranick (NYM)
2025-03-11 13:26:33,230 - INFO - Search URL: https://html.duckduckgo.com/html/?q=Max%20Kranick%20NYM%20site%3Abaseball-reference.com/players
2025-03-11 13:26:34,712 - INFO - Found 42 links in search results
2025-03-11 13:26:34,713 - INFO - Candidate link: https://www.baseball-reference.com/players/k/kranima01.shtml
2025-03-11 13:26:34,713 - INFO - Found major league ID: kranima01 for Max Kranick
2025-03-11 13:26:34,715 - INFO - Waiting for 3.5 seconds before next request
2025-03-11 13:26:38,906 - INFO - Successfully added Max Kranick (kranima01) to database
2025-03-11 13:26:38,909 - INFO - Added to database: Max Kranick (NYM) with ID kranima01
2025-03-11 13:26:39,910 - INFO - Searching for: Matt Canterino (MIN)
2025-03-11 13:26:39,911 - INFO - Search URL: https://html.duckduckgo.com/html/?q=Matt%20Canterino%20MIN%20site%3Abaseball-reference.com/players
2025-03-11 13:26:40,850 - INFO - Found 1 links in search results
2025-03-11 13:26:40,852 - WARNING - No Baseball Reference ID found for Matt Canterino (MIN)
2025-03-11 13:26:40,856 - INFO - Waiting for 4.3 seconds before next request
2025-03-11 13:26:45,107 - WARNING - Line 7: Could not find Baseball Reference ID for 'Matt Canterino (MIN)'
2025-03-11 13:26:45,107 - INFO - Searching for: DaShawn Keirsey Jr. (MIN)
2025-03-11 13:26:45,109 - INFO - Search URL: https://html.duckduckgo.com/html/?q=DaShawn%20Keirsey%20Jr.%20MIN%20site%3Abaseball-reference.com/players
2025-03-11 13:26:45,997 - INFO - Found 1 links in search results
2025-03-11 13:26:45,999 - WARNING - No Baseball Reference ID found for DaShawn Keirsey Jr. (MIN)
2025-03-11 13:26:46,001 - INFO - Waiting for 4.1 seconds before next request
2025-03-11 13:26:50,089 - WARNING - Line 8: Could not find Baseball Reference ID for 'DaShawn Keirsey Jr. (MIN)'
2025-03-11 13:26:50,089 - INFO - Searching for: Justin Hagenman (NYM)
2025-03-11 13:26:50,090 - INFO - Search URL: https://html.duckduckgo.com/html/?q=Justin%20Hagenman%20NYM%20site%3Abaseball-reference.com/players
2025-03-11 13:26:50,891 - INFO - Found 1 links in search results
2025-03-11 13:26:50,892 - WARNING - No Baseball Reference ID found for Justin Hagenman (NYM)
2025-03-11 13:26:50,894 - INFO - Waiting for 3.0 seconds before next request
2025-03-11 13:26:53,946 - WARNING - Line 9: Could not find Baseball Reference ID for 'Justin Hagenman (NYM)'
2025-03-11 13:26:53,946 - INFO - Searching for: Jared Young (NYM)
2025-03-11 13:26:53,947 - INFO - Search URL: https://html.duckduckgo.com/html/?q=Jared%20Young%20NYM%20site%3Abaseball-reference.com/players
2025-03-11 13:26:54,798 - INFO - Found 3 links in search results
2025-03-11 13:26:54,799 - WARNING - No Baseball Reference ID found for Jared Young (NYM)
2025-03-11 13:26:54,801 - INFO - Waiting for 3.5 seconds before next request
2025-03-11 13:26:58,254 - WARNING - Line 10: Could not find Baseball Reference ID for 'Jared Young (NYM)'
2025-03-11 13:26:58,255 - INFO - Searching for: Chris Murphy (BOS)
2025-03-11 13:26:58,255 - INFO - Search URL: https://html.duckduckgo.com/html/?q=Chris%20Murphy%20BOS%20site%3Abaseball-reference.com/players
2025-03-11 13:26:59,258 - INFO - Found 3 links in search results
2025-03-11 13:26:59,259 - WARNING - No Baseball Reference ID found for Chris Murphy (BOS)
2025-03-11 13:26:59,264 - INFO - Waiting for 4.8 seconds before next request
2025-03-11 13:27:04,085 - WARNING - Line 11: Could not find Baseball Reference ID for 'Chris Murphy (BOS)'
2025-03-11 13:27:04,085 - INFO - Searching for: Ronny Mauricio (NYM)
2025-03-11 13:27:04,086 - INFO - Search URL: https://html.duckduckgo.com/html/?q=Ronny%20Mauricio%20NYM%20site%3Abaseball-reference.com/players
2025-03-11 13:27:05,301 - INFO - Found 3 links in search results
2025-03-11 13:27:05,302 - WARNING - No Baseball Reference ID found for Ronny Mauricio (NYM)
2025-03-11 13:27:05,304 - INFO - Waiting for 4.5 seconds before next request
2025-03-11 13:27:09,855 - WARNING - Line 12: Could not find Baseball Reference ID for 'Ronny Mauricio (NYM)'
2025-03-11 13:27:09,856 - INFO - Searching for: Domingo Gonzalez (ATL)
2025-03-11 13:27:09,857 - INFO - Search URL: https://html.duckduckgo.com/html/?q=Domingo%20Gonzalez%20ATL%20site%3Abaseball-reference.com/players
2025-03-11 13:27:10,890 - INFO - Found 3 links in search results
2025-03-11 13:27:10,891 - WARNING - No Baseball Reference ID found for Domingo Gonzalez (ATL)
2025-03-11 13:27:10,893 - INFO - Waiting for 4.1 seconds before next request
2025-03-11 13:27:14,984 - WARNING - Line 13: Could not find Baseball Reference ID for 'Domingo Gonzalez (ATL)'
2025-03-11 13:27:14,985 - INFO - Searching for: Devin Sweet (PHI)
2025-03-11 13:27:14,985 - INFO - Search URL: https://html.duckduckgo.com/html/?q=Devin%20Sweet%20PHI%20site%3Abaseball-reference.com/players
2025-03-11 13:27:16,043 - INFO - Found 3 links in search results
2025-03-11 13:27:16,043 - WARNING - No Baseball Reference ID found for Devin Sweet (PHI)
2025-03-11 13:27:16,047 - INFO - Waiting for 2.9 seconds before next request
2025-03-11 13:27:18,989 - WARNING - Line 14: Could not find Baseball Reference ID for 'Devin Sweet (PHI)'
2025-03-11 13:27:18,990 - INFO - Searching for: Diego Cartaya (MIN)
2025-03-11 13:27:18,991 - INFO - Search URL: https://html.duckduckgo.com/html/?q=Diego%20Cartaya%20MIN%20site%3Abaseball-reference.com/players
2025-03-11 13:27:19,879 - INFO - Found 1 links in search results
2025-03-11 13:27:19,879 - WARNING - No Baseball Reference ID found for Diego Cartaya (MIN)
2025-03-11 13:27:19,881 - INFO - Waiting for 4.1 seconds before next request
2025-03-11 13:27:23,937 - WARNING - Line 15: Could not find Baseball Reference ID for 'Diego Cartaya (MIN)'
2025-03-11 13:27:23,938 - INFO - Searching for: Christian Cairo (ATL)
2025-03-11 13:27:23,938 - INFO - Search URL: https://html.duckduckgo.com/html/?q=Christian%20Cairo%20ATL%20site%3Abaseball-reference.com/players
2025-03-11 13:27:24,783 - INFO - Found 1 links in search results
2025-03-11 13:27:24,784 - WARNING - No Baseball Reference ID found for Christian Cairo (ATL)
2025-03-11 13:27:24,786 - INFO - Waiting for 2.8 seconds before next request
2025-03-11 13:27:27,570 - WARNING - Line 16: Could not find Baseball Reference ID for 'Christian Cairo (ATL)'
2025-03-11 13:27:27,570 - INFO - Searching for: Sawyer Gipson-Long (DET)
2025-03-11 13:27:27,570 - INFO - Search URL: https://html.duckduckgo.com/html/?q=Sawyer%20Gipson-Long%20DET%20site%3Abaseball-reference.com/players
2025-03-11 13:27:28,353 - INFO - Found 1 links in search results
2025-03-11 13:27:28,354 - WARNING - No Baseball Reference ID found for Sawyer Gipson-Long (DET)
2025-03-11 13:27:28,356 - INFO - Waiting for 4.1 seconds before next request
2025-03-11 13:27:32,411 - WARNING - Line 17: Could not find Baseball Reference ID for 'Sawyer Gipson-Long (DET)'
2025-03-11 13:27:32,411 - INFO - Searching for: Ryan Gusto (HOU)
2025-03-11 13:27:32,412 - INFO - Search URL: https://html.duckduckgo.com/html/?q=Ryan%20Gusto%20HOU%20site%3Abaseball-reference.com/players
2025-03-11 13:27:33,296 - INFO - Found 1 links in search results
2025-03-11 13:27:33,297 - WARNING - No Baseball Reference ID found for Ryan Gusto (HOU)
2025-03-11 13:27:33,299 - INFO - Waiting for 2.3 seconds before next request
2025-03-11 13:27:35,564 - WARNING - Line 18: Could not find Baseball Reference ID for 'Ryan Gusto (HOU)'
2025-03-11 13:27:35,565 - INFO - Searching for: Tyler Owens (DET)
2025-03-11 13:27:35,565 - INFO - Search URL: https://html.duckduckgo.com/html/?q=Tyler%20Owens%20DET%20site%3Abaseball-reference.com/players
2025-03-11 13:27:36,493 - INFO - Found 1 links in search results
2025-03-11 13:27:36,494 - WARNING - No Baseball Reference ID found for Tyler Owens (DET)
2025-03-11 13:27:36,497 - INFO - Waiting for 4.5 seconds before next request
2025-03-11 13:27:40,976 - WARNING - Line 19: Could not find Baseball Reference ID for 'Tyler Owens (DET)'
2025-03-11 13:27:40,976 - INFO - Searching for: Kenedy Corona (HOU)
2025-03-11 13:27:40,976 - INFO - Search URL: https://html.duckduckgo.com/html/?q=Kenedy%20Corona%20HOU%20site%3Abaseball-reference.com/players
2025-03-11 13:27:41,782 - INFO - Found 1 links in search results
2025-03-11 13:27:41,783 - WARNING - No Baseball Reference ID found for Kenedy Corona (HOU)
2025-03-11 13:27:41,785 - INFO - Waiting for 4.5 seconds before next request
2025-03-11 13:27:46,329 - WARNING - Line 20: Could not find Baseball Reference ID for 'Kenedy Corona (HOU)'
2025-03-11 13:27:46,331 - INFO - Searching for: Tyler Mattison (DET)
2025-03-11 13:27:46,331 - INFO - Search URL: https://html.duckduckgo.com/html/?q=Tyler%20Mattison%20DET%20site%3Abaseball-reference.com/players
2025-03-11 13:27:47,174 - INFO - Found 1 links in search results
2025-03-11 13:27:47,175 - WARNING - No Baseball Reference ID found for Tyler Mattison (DET)
2025-03-11 13:27:47,178 - INFO - Waiting for 4.0 seconds before next request
2025-03-11 13:27:51,177 - WARNING - Line 21: Could not find Baseball Reference ID for 'Tyler Mattison (DET)'
2025-03-11 13:27:51,178 - INFO - Searching for: Mick Abel (PHI)
2025-03-11 13:27:51,178 - INFO - Search URL: https://html.duckduckgo.com/html/?q=Mick%20Abel%20PHI%20site%3Abaseball-reference.com/players
2025-03-11 13:27:51,930 - INFO - Found 1 links in search results
2025-03-11 13:27:51,931 - WARNING - No Baseball Reference ID found for Mick Abel (PHI)
2025-03-11 13:27:51,935 - INFO - Waiting for 4.7 seconds before next request
2025-03-11 13:27:56,602 - WARNING - Line 22: Could not find Baseball Reference ID for 'Mick Abel (PHI)'
2025-03-11 13:27:56,604 - INFO - Searching for: Marco Raya (MIN)
2025-03-11 13:27:56,605 - INFO - Search URL: https://html.duckduckgo.com/html/?q=Marco%20Raya%20MIN%20site%3Abaseball-reference.com/players
2025-03-11 13:27:57,352 - INFO - Found 1 links in search results
2025-03-11 13:27:57,352 - WARNING - No Baseball Reference ID found for Marco Raya (MIN)
2025-03-11 13:27:57,355 - INFO - Waiting for 2.0 seconds before next request
2025-03-11 13:27:59,360 - WARNING - Line 23: Could not find Baseball Reference ID for 'Marco Raya (MIN)'
2025-03-11 13:27:59,360 - INFO - Searching for: Emmanuel Rodriguez (MIN)
2025-03-11 13:27:59,361 - INFO - Search URL: https://html.duckduckgo.com/html/?q=Emmanuel%20Rodriguez%20MIN%20site%3Abaseball-reference.com/players
2025-03-11 13:28:00,304 - INFO - Found 1 links in search results
2025-03-11 13:28:00,304 - WARNING - No Baseball Reference ID found for Emmanuel Rodriguez (MIN)
2025-03-11 13:28:00,306 - INFO - Waiting for 4.9 seconds before next request
2025-03-11 13:28:05,166 - WARNING - Line 24: Could not find Baseball Reference ID for 'Emmanuel Rodriguez (MIN)'
2025-03-11 13:28:05,166 - INFO - Searching for: Angel Bastardo (TOR)
2025-03-11 13:28:05,167 - INFO - Search URL: https://html.duckduckgo.com/html/?q=Angel%20Bastardo%20TOR%20site%3Abaseball-reference.com/players
2025-03-11 13:28:05,930 - INFO - Found 1 links in search results
2025-03-11 13:28:05,932 - WARNING - No Baseball Reference ID found for Angel Bastardo (TOR)
2025-03-11 13:28:05,935 - INFO - Waiting for 4.2 seconds before next request
2025-03-11 13:28:10,167 - WARNING - Line 25: Could not find Baseball Reference ID for 'Angel Bastardo (TOR)'
2025-03-11 13:28:10,167 - INFO - Searching for: Moises Chace (PHI)
2025-03-11 13:28:10,169 - INFO - Search URL: https://html.duckduckgo.com/html/?q=Moises%20Chace%20PHI%20site%3Abaseball-reference.com/players
2025-03-11 13:28:10,975 - INFO - Found 1 links in search results
2025-03-11 13:28:10,975 - WARNING - No Baseball Reference ID found for Moises Chace (PHI)
2025-03-11 13:28:10,977 - INFO - Waiting for 2.3 seconds before next request
2025-03-11 13:28:13,297 - WARNING - Line 26: Could not find Baseball Reference ID for 'Moises Chace (PHI)'
2025-03-11 13:28:13,297 - INFO - Searching for: Chase Lee (DET)
2025-03-11 13:28:13,297 - INFO - Search URL: https://html.duckduckgo.com/html/?q=Chase%20Lee%20DET%20site%3Abaseball-reference.com/players
2025-03-11 13:28:14,214 - INFO - Found 1 links in search results
2025-03-11 13:28:14,214 - WARNING - No Baseball Reference ID found for Chase Lee (DET)
2025-03-11 13:28:14,217 - INFO - Waiting for 2.0 seconds before next request
2025-03-11 13:28:16,241 - WARNING - Line 27: Could not find Baseball Reference ID for 'Chase Lee (DET)'
2025-03-11 13:28:16,241 - INFO - Searching for: Travis Adams (MIN)
2025-03-11 13:28:16,242 - INFO - Search URL: https://html.duckduckgo.com/html/?q=Travis%20Adams%20MIN%20site%3Abaseball-reference.com/players
2025-03-11 13:28:17,211 - INFO - Found 1 links in search results
2025-03-11 13:28:17,212 - WARNING - No Baseball Reference ID found for Travis Adams (MIN)
2025-03-11 13:28:17,213 - INFO - Waiting for 4.2 seconds before next request
2025-03-11 13:28:21,450 - WARNING - Line 28: Could not find Baseball Reference ID for 'Travis Adams (MIN)'
2025-03-11 13:28:21,450 - INFO - Searching for: Hunter Dobbins (BOS)
2025-03-11 13:28:21,450 - INFO - Search URL: https://html.duckduckgo.com/html/?q=Hunter%20Dobbins%20BOS%20site%3Abaseball-reference.com/players
2025-03-11 13:28:22,328 - INFO - Found 1 links in search results
2025-03-11 13:28:22,329 - WARNING - No Baseball Reference ID found for Hunter Dobbins (BOS)
2025-03-11 13:28:22,332 - INFO - Waiting for 2.9 seconds before next request
2025-03-11 13:28:25,224 - WARNING - Line 29: Could not find Baseball Reference ID for 'Hunter Dobbins (BOS)'
2025-03-11 13:28:25,224 - INFO - Searching for: Colton Gordon (HOU)
2025-03-11 13:28:25,224 - INFO - Search URL: https://html.duckduckgo.com/html/?q=Colton%20Gordon%20HOU%20site%3Abaseball-reference.com/players
2025-03-11 13:28:26,167 - INFO - Found 1 links in search results
2025-03-11 13:28:26,168 - WARNING - No Baseball Reference ID found for Colton Gordon (HOU)
2025-03-11 13:28:26,172 - INFO - Waiting for 3.2 seconds before next request
2025-03-11 13:28:29,377 - WARNING - Line 30: Could not find Baseball Reference ID for 'Colton Gordon (HOU)'
2025-03-11 13:28:29,377 - INFO - Searching for: Rolddy Munoz (ATL)
2025-03-11 13:28:29,378 - INFO - Search URL: https://html.duckduckgo.com/html/?q=Rolddy%20Munoz%20ATL%20site%3Abaseball-reference.com/players
2025-03-11 13:28:30,335 - INFO - Found 1 links in search results
2025-03-11 13:28:30,335 - WARNING - No Baseball Reference ID found for Rolddy Munoz (ATL)
2025-03-11 13:28:30,338 - INFO - Waiting for 3.9 seconds before next request
2025-03-11 13:28:34,234 - WARNING - Line 31: Could not find Baseball Reference ID for 'Rolddy Munoz (ATL)'
2025-03-11 13:28:34,234 - INFO - Searching for: Eiberson Castellano (MIN)
2025-03-11 13:28:34,235 - INFO - Search URL: https://html.duckduckgo.com/html/?q=Eiberson%20Castellano%20MIN%20site%3Abaseball-reference.com/players
2025-03-11 13:28:34,949 - INFO - Found 1 links in search results
2025-03-11 13:28:34,949 - WARNING - No Baseball Reference ID found for Eiberson Castellano (MIN)
2025-03-11 13:28:34,951 - INFO - Waiting for 3.5 seconds before next request
2025-03-11 13:28:38,479 - WARNING - Line 32: Could not find Baseball Reference ID for 'Eiberson Castellano (MIN)'
2025-03-11 13:28:38,479 - INFO - Searching for: Jean Cabrera (PHI)
2025-03-11 13:28:38,479 - INFO - Search URL: https://html.duckduckgo.com/html/?q=Jean%20Cabrera%20PHI%20site%3Abaseball-reference.com/players
2025-03-11 13:28:39,417 - INFO - Found 1 links in search results
2025-03-11 13:28:39,418 - WARNING - No Baseball Reference ID found for Jean Cabrera (PHI)
2025-03-11 13:28:39,419 - INFO - Waiting for 2.7 seconds before next request
2025-03-11 13:28:42,083 - WARNING - Line 33: Could not find Baseball Reference ID for 'Jean Cabrera (PHI)'
2025-03-11 13:28:42,083 - INFO - Searching for: Jhostynxon Garcia (BOS)
2025-03-11 13:28:42,084 - INFO - Search URL: https://html.duckduckgo.com/html/?q=Jhostynxon%20Garcia%20BOS%20site%3Abaseball-reference.com/players
2025-03-11 13:28:42,906 - INFO - Found 1 links in search results
2025-03-11 13:28:42,907 - WARNING - No Baseball Reference ID found for Jhostynxon Garcia (BOS)
2025-03-11 13:28:42,909 - INFO - Waiting for 2.9 seconds before next request
2025-03-11 13:28:45,846 - WARNING - Line 34: Could not find Baseball Reference ID for 'Jhostynxon Garcia (BOS)'
2025-03-11 13:28:45,846 - INFO - Searching for: Luis Perales (BOS)
2025-03-11 13:28:45,846 - INFO - Search URL: https://html.duckduckgo.com/html/?q=Luis%20Perales%20BOS%20site%3Abaseball-reference.com/players
2025-03-11 13:28:46,606 - INFO - Found 1 links in search results
2025-03-11 13:28:46,606 - WARNING - No Baseball Reference ID found for Luis Perales (BOS)
2025-03-11 13:28:46,609 - INFO - Waiting for 2.8 seconds before next request
2025-03-11 13:28:49,419 - WARNING - Line 35: Could not find Baseball Reference ID for 'Luis Perales (BOS)'
2025-03-11 13:28:49,419 - INFO - Searching for: Kristian Campbell (BOS)
2025-03-11 13:28:49,420 - INFO - Search URL: https://html.duckduckgo.com/html/?q=Kristian%20Campbell%20BOS%20site%3Abaseball-reference.com/players
2025-03-11 13:28:50,227 - INFO - Found 1 links in search results
2025-03-11 13:28:50,227 - WARNING - No Baseball Reference ID found for Kristian Campbell (BOS)
2025-03-11 13:28:50,229 - INFO - Waiting for 4.2 seconds before next request
2025-03-11 13:28:54,477 - WARNING - Line 36: Could not find Baseball Reference ID for 'Kristian Campbell (BOS)'
2025-03-11 13:28:54,477 - INFO - Searching for: Michael Fulmer (BOS)
2025-03-11 13:28:54,478 - INFO - Search URL: https://html.duckduckgo.com/html/?q=Michael%20Fulmer%20BOS%20site%3Abaseball-reference.com/players
2025-03-11 13:28:55,428 - INFO - Found 1 links in search results
2025-03-11 13:28:55,428 - WARNING - No Baseball Reference ID found for Michael Fulmer (BOS)
2025-03-11 13:28:55,430 - INFO - Waiting for 3.1 seconds before next request
2025-03-11 13:28:58,517 - WARNING - Line 37: Could not find Baseball Reference ID for 'Michael Fulmer (BOS)'
2025-03-11 13:28:58,517 - INFO - Searching for: Nathan Hickey (BOS)
2025-03-11 13:28:58,517 - INFO - Search URL: https://html.duckduckgo.com/html/?q=Nathan%20Hickey%20BOS%20site%3Abaseball-reference.com/players
2025-03-11 13:28:59,215 - INFO - Found 1 links in search results
2025-03-11 13:28:59,216 - WARNING - No Baseball Reference ID found for Nathan Hickey (BOS)
2025-03-11 13:28:59,219 - INFO - Waiting for 3.2 seconds before next request
2025-03-11 13:29:02,413 - WARNING - Line 38: Could not find Baseball Reference ID for 'Nathan Hickey (BOS)'
2025-03-11 13:29:02,414 - INFO - Searching for: Noah Song (BOS)
2025-03-11 13:29:02,414 - INFO - Search URL: https://html.duckduckgo.com/html/?q=Noah%20Song%20BOS%20site%3Abaseball-reference.com/players
2025-03-11 13:29:03,289 - INFO - Found 1 links in search results
2025-03-11 13:29:03,290 - WARNING - No Baseball Reference ID found for Noah Song (BOS)
2025-03-11 13:29:03,294 - INFO - Waiting for 2.4 seconds before next request
2025-03-11 13:29:05,704 - WARNING - Line 39: Could not find Baseball Reference ID for 'Noah Song (BOS)'
2025-03-11 13:29:05,704 - INFO - Searching for: Mark Kolozsvary (BOS)
2025-03-11 13:29:05,705 - INFO - Search URL: https://html.duckduckgo.com/html/?q=Mark%20Kolozsvary%20BOS%20site%3Abaseball-reference.com/players
2025-03-11 13:29:06,588 - INFO - Found 1 links in search results
2025-03-11 13:29:06,588 - WARNING - No Baseball Reference ID found for Mark Kolozsvary (BOS)
2025-03-11 13:29:06,590 - INFO - Waiting for 4.2 seconds before next request
2025-03-11 13:29:10,776 - WARNING - Line 40: Could not find Baseball Reference ID for 'Mark Kolozsvary (BOS)'
2025-03-11 13:29:10,776 - INFO - Searching for: Shane Drohan (BOS)
2025-03-11 13:29:10,776 - INFO - Search URL: https://html.duckduckgo.com/html/?q=Shane%20Drohan%20BOS%20site%3Abaseball-reference.com/players
2025-03-11 13:29:11,633 - INFO - Found 1 links in search results
2025-03-11 13:29:11,633 - WARNING - No Baseball Reference ID found for Shane Drohan (BOS)
2025-03-11 13:29:11,634 - INFO - Waiting for 3.6 seconds before next request
2025-03-11 13:29:15,208 - WARNING - Line 41: Could not find Baseball Reference ID for 'Shane Drohan (BOS)'
2025-03-11 13:29:15,208 - INFO - Searching for: Bryan Mata (BOS)
2025-03-11 13:29:15,209 - INFO - Search URL: https://html.duckduckgo.com/html/?q=Bryan%20Mata%20BOS%20site%3Abaseball-reference.com/players
2025-03-11 13:29:15,945 - INFO - Found 1 links in search results
2025-03-11 13:29:15,945 - WARNING - No Baseball Reference ID found for Bryan Mata (BOS)
2025-03-11 13:29:15,947 - INFO - Waiting for 2.0 seconds before next request
2025-03-11 13:29:17,996 - WARNING - Line 42: Could not find Baseball Reference ID for 'Bryan Mata (BOS)'
2025-03-11 13:29:17,996 - INFO - Searching for: Wyatt Mills (BOS)
2025-03-11 13:29:17,997 - INFO - Search URL: https://html.duckduckgo.com/html/?q=Wyatt%20Mills%20BOS%20site%3Abaseball-reference.com/players
2025-03-11 13:29:18,911 - INFO - Found 1 links in search results
2025-03-11 13:29:18,912 - WARNING - No Baseball Reference ID found for Wyatt Mills (BOS)
2025-03-11 13:29:18,915 - INFO - Waiting for 4.8 seconds before next request
2025-03-11 13:29:23,718 - WARNING - Line 43: Could not find Baseball Reference ID for 'Wyatt Mills (BOS)'
2025-03-11 13:29:23,718 - INFO - Searching for: Blaze Jordan (BOS)
2025-03-11 13:29:23,719 - INFO - Search URL: https://html.duckduckgo.com/html/?q=Blaze%20Jordan%20BOS%20site%3Abaseball-reference.com/players
2025-03-11 13:29:24,621 - INFO - Found 1 links in search results
2025-03-11 13:29:24,621 - WARNING - No Baseball Reference ID found for Blaze Jordan (BOS)
2025-03-11 13:29:24,624 - INFO - Waiting for 3.6 seconds before next request
2025-03-11 13:29:28,259 - WARNING - Line 44: Could not find Baseball Reference ID for 'Blaze Jordan (BOS)'
2025-03-11 13:29:28,259 - INFO - Searching for: Trayce Thompson (BOS)
2025-03-11 13:29:28,259 - INFO - Search URL: https://html.duckduckgo.com/html/?q=Trayce%20Thompson%20BOS%20site%3Abaseball-reference.com/players
2025-03-11 13:29:29,161 - INFO - Found 1 links in search results
2025-03-11 13:29:29,161 - WARNING - No Baseball Reference ID found for Trayce Thompson (BOS)
2025-03-11 13:29:29,163 - INFO - Waiting for 3.7 seconds before next request
2025-03-11 13:29:32,890 - WARNING - Line 45: Could not find Baseball Reference ID for 'Trayce Thompson (BOS)'
2025-03-11 13:29:32,890 - INFO - Searching for: Robert Stock (BOS)
2025-03-11 13:29:32,890 - INFO - Search URL: https://html.duckduckgo.com/html/?q=Robert%20Stock%20BOS%20site%3Abaseball-reference.com/players
2025-03-11 13:29:33,594 - INFO - Found 1 links in search results
2025-03-11 13:29:33,594 - WARNING - No Baseball Reference ID found for Robert Stock (BOS)
2025-03-11 13:29:33,595 - INFO - Waiting for 3.4 seconds before next request
2025-03-11 13:29:37,004 - WARNING - Line 46: Could not find Baseball Reference ID for 'Robert Stock (BOS)'
2025-03-11 13:29:37,004 - INFO - Searching for: Nate Eaton (BOS)
2025-03-11 13:29:37,005 - INFO - Search URL: https://html.duckduckgo.com/html/?q=Nate%20Eaton%20BOS%20site%3Abaseball-reference.com/players
2025-03-11 13:29:37,754 - INFO - Found 1 links in search results
2025-03-11 13:29:37,757 - WARNING - No Baseball Reference ID found for Nate Eaton (BOS)
2025-03-11 13:29:37,759 - INFO - Waiting for 3.7 seconds before next request
2025-03-11 13:29:41,431 - WARNING - Line 47: Could not find Baseball Reference ID for 'Nate Eaton (BOS)'
2025-03-11 13:29:41,431 - INFO - Searching for: Roman Anthony (BOS)
2025-03-11 13:29:41,431 - INFO - Search URL: https://html.duckduckgo.com/html/?q=Roman%20Anthony%20BOS%20site%3Abaseball-reference.com/players
2025-03-11 13:29:42,274 - INFO - Found 1 links in search results
2025-03-11 13:29:42,275 - WARNING - No Baseball Reference ID found for Roman Anthony (BOS)
2025-03-11 13:29:42,279 - INFO - Waiting for 3.5 seconds before next request
2025-03-11 13:29:45,786 - WARNING - Line 48: Could not find Baseball Reference ID for 'Roman Anthony (BOS)'
2025-03-11 13:29:45,786 - INFO - Searching for: Marcelo Mayer (BOS)
2025-03-11 13:29:45,787 - INFO - Search URL: https://html.duckduckgo.com/html/?q=Marcelo%20Mayer%20BOS%20site%3Abaseball-reference.com/players
2025-03-11 13:29:46,656 - INFO - Found 1 links in search results
2025-03-11 13:29:46,657 - WARNING - No Baseball Reference ID found for Marcelo Mayer (BOS)
2025-03-11 13:29:46,659 - INFO - Waiting for 5.0 seconds before next request
2025-03-11 13:29:51,617 - WARNING - Line 49: Could not find Baseball Reference ID for 'Marcelo Mayer (BOS)'
2025-03-11 13:29:51,617 - INFO - Searching for: Tyler McDonough (BOS)
2025-03-11 13:29:51,618 - INFO - Search URL: https://html.duckduckgo.com/html/?q=Tyler%20McDonough%20BOS%20site%3Abaseball-reference.com/players
2025-03-11 13:29:52,335 - INFO - Found 1 links in search results
2025-03-11 13:29:52,335 - WARNING - No Baseball Reference ID found for Tyler McDonough (BOS)
2025-03-11 13:29:52,338 - INFO - Waiting for 4.5 seconds before next request
2025-03-11 13:29:56,820 - WARNING - Line 50: Could not find Baseball Reference ID for 'Tyler McDonough (BOS)'
2025-03-11 13:29:56,820 - INFO - Searching for: Max Ferguson (BOS)
2025-03-11 13:29:56,821 - INFO - Search URL: https://html.duckduckgo.com/html/?q=Max%20Ferguson%20BOS%20site%3Abaseball-reference.com/players
2025-03-11 13:29:57,758 - INFO - Found 1 links in search results
2025-03-11 13:29:57,758 - WARNING - No Baseball Reference ID found for Max Ferguson (BOS)
2025-03-11 13:29:57,761 - INFO - Waiting for 3.4 seconds before next request
2025-03-11 13:30:01,114 - WARNING - Line 51: Could not find Baseball Reference ID for 'Max Ferguson (BOS)'
2025-03-11 13:30:01,114 - INFO - Searching for: Hobie Harris (BOS)
2025-03-11 13:30:01,115 - INFO - Search URL: https://html.duckduckgo.com/html/?q=Hobie%20Harris%20BOS%20site%3Abaseball-reference.com/players
2025-03-11 13:30:01,929 - INFO - Found 1 links in search results
2025-03-11 13:30:01,930 - WARNING - No Baseball Reference ID found for Hobie Harris (BOS)
2025-03-11 13:30:01,931 - INFO - Waiting for 2.7 seconds before next request
2025-03-11 13:30:04,615 - WARNING - Line 52: Could not find Baseball Reference ID for 'Hobie Harris (BOS)'
2025-03-11 13:30:04,616 - INFO - Searching for: Alex Binelas (BOS)
2025-03-11 13:30:04,616 - INFO - Search URL: https://html.duckduckgo.com/html/?q=Alex%20Binelas%20BOS%20site%3Abaseball-reference.com/players
2025-03-11 13:30:05,443 - INFO - Found 1 links in search results
2025-03-11 13:30:05,443 - WARNING - No Baseball Reference ID found for Alex Binelas (BOS)
2025-03-11 13:30:05,446 - INFO - Waiting for 4.8 seconds before next request
2025-03-11 13:30:10,250 - WARNING - Line 53: Could not find Baseball Reference ID for 'Alex Binelas (BOS)'
2025-03-11 13:30:10,250 - INFO - Searching for: Jovani Moran (BOS)
2025-03-11 13:30:10,250 - INFO - Search URL: https://html.duckduckgo.com/html/?q=Jovani%20Moran%20BOS%20site%3Abaseball-reference.com/players
2025-03-11 13:30:11,177 - INFO - Found 1 links in search results
2025-03-11 13:30:11,177 - WARNING - No Baseball Reference ID found for Jovani Moran (BOS)
2025-03-11 13:30:11,180 - INFO - Waiting for 4.3 seconds before next request
2025-03-11 13:30:15,460 - WARNING - Line 54: Could not find Baseball Reference ID for 'Jovani Moran (BOS)'
2025-03-11 13:30:15,461 - INFO - Searching for: Franklin Arias (BOS)
2025-03-11 13:30:15,461 - INFO - Search URL: https://html.duckduckgo.com/html/?q=Franklin%20Arias%20BOS%20site%3Abaseball-reference.com/players
2025-03-11 13:30:16,241 - INFO - Found 1 links in search results
2025-03-11 13:30:16,242 - WARNING - No Baseball Reference ID found for Franklin Arias (BOS)
2025-03-11 13:30:16,245 - INFO - Waiting for 2.2 seconds before next request
2025-03-11 13:30:18,461 - WARNING - Line 55: Could not find Baseball Reference ID for 'Franklin Arias (BOS)'
2025-03-11 13:30:18,462 - INFO - Searching for: Yoeilin Cespedes (BOS)
2025-03-11 13:30:18,462 - INFO - Search URL: https://html.duckduckgo.com/html/?q=Yoeilin%20Cespedes%20BOS%20site%3Abaseball-reference.com/players
2025-03-11 13:30:19,222 - INFO - Found 1 links in search results
2025-03-11 13:30:19,223 - WARNING - No Baseball Reference ID found for Yoeilin Cespedes (BOS)
2025-03-11 13:30:19,227 - INFO - Waiting for 3.2 seconds before next request
2025-03-11 13:30:22,439 - WARNING - Line 56: Could not find Baseball Reference ID for 'Yoeilin Cespedes (BOS)'
2025-03-11 13:30:22,439 - INFO - Searching for: Erik Rivera (BOS)
2025-03-11 13:30:22,440 - INFO - Search URL: https://html.duckduckgo.com/html/?q=Erik%20Rivera%20BOS%20site%3Abaseball-reference.com/players
2025-03-11 13:30:23,247 - INFO - Found 1 links in search results
2025-03-11 13:30:23,247 - WARNING - No Baseball Reference ID found for Erik Rivera (BOS)
2025-03-11 13:30:23,251 - INFO - Waiting for 4.5 seconds before next request
2025-03-11 13:30:27,786 - WARNING - Line 57: Could not find Baseball Reference ID for 'Erik Rivera (BOS)'
2025-03-11 13:30:27,801 - INFO - Searching for: Roberto Campos (DET)
2025-03-11 13:30:27,803 - INFO - Search URL: https://html.duckduckgo.com/html/?q=Roberto%20Campos%20DET%20site%3Abaseball-reference.com/players
2025-03-11 13:30:28,557 - INFO - Found 1 links in search results
2025-03-11 13:30:28,557 - WARNING - No Baseball Reference ID found for Roberto Campos (DET)
2025-03-11 13:30:28,561 - INFO - Waiting for 3.5 seconds before next request
2025-03-11 13:30:32,033 - WARNING - Line 58: Could not find Baseball Reference ID for 'Roberto Campos (DET)'
2025-03-11 13:30:32,034 - INFO - Searching for: Dietrich Enns (DET)
2025-03-11 13:30:32,034 - INFO - Search URL: https://html.duckduckgo.com/html/?q=Dietrich%20Enns%20DET%20site%3Abaseball-reference.com/players
2025-03-11 13:30:32,881 - INFO - Found 1 links in search results
2025-03-11 13:30:32,882 - WARNING - No Baseball Reference ID found for Dietrich Enns (DET)
2025-03-11 13:30:32,884 - INFO - Waiting for 3.2 seconds before next request
2025-03-11 13:30:36,087 - WARNING - Line 59: Could not find Baseball Reference ID for 'Dietrich Enns (DET)'
2025-03-11 13:30:36,087 - INFO - Searching for: TJ Hopkins (DET)
2025-03-11 13:30:36,087 - INFO - Search URL: https://html.duckduckgo.com/html/?q=TJ%20Hopkins%20DET%20site%3Abaseball-reference.com/players
2025-03-11 13:30:36,914 - INFO - Found 1 links in search results
2025-03-11 13:30:36,915 - WARNING - No Baseball Reference ID found for TJ Hopkins (DET)
2025-03-11 13:30:36,918 - INFO - Waiting for 2.4 seconds before next request
2025-03-11 13:30:39,291 - WARNING - Line 60: Could not find Baseball Reference ID for 'TJ Hopkins (DET)'
2025-03-11 13:30:39,292 - INFO - Searching for: Jordan Balazovic (DET)
2025-03-11 13:30:39,292 - INFO - Search URL: https://html.duckduckgo.com/html/?q=Jordan%20Balazovic%20DET%20site%3Abaseball-reference.com/players
2025-03-11 13:30:40,164 - INFO - Found 1 links in search results
2025-03-11 13:30:40,165 - WARNING - No Baseball Reference ID found for Jordan Balazovic (DET)
2025-03-11 13:30:40,168 - INFO - Waiting for 3.4 seconds before next request
2025-03-11 13:30:43,533 - WARNING - Line 61: Could not find Baseball Reference ID for 'Jordan Balazovic (DET)'
2025-03-11 13:30:43,534 - INFO - Searching for: Brendan White (DET)
2025-03-11 13:30:43,534 - INFO - Search URL: https://html.duckduckgo.com/html/?q=Brendan%20White%20DET%20site%3Abaseball-reference.com/players
2025-03-11 13:30:44,505 - INFO - Found 1 links in search results
2025-03-11 13:30:44,506 - WARNING - No Baseball Reference ID found for Brendan White (DET)
2025-03-11 13:30:44,508 - INFO - Waiting for 3.3 seconds before next request
2025-03-11 13:30:47,785 - WARNING - Line 62: Could not find Baseball Reference ID for 'Brendan White (DET)'
2025-03-11 13:30:47,785 - INFO - Searching for: Eddys Leonard (DET)
2025-03-11 13:30:47,786 - INFO - Search URL: https://html.duckduckgo.com/html/?q=Eddys%20Leonard%20DET%20site%3Abaseball-reference.com/players
2025-03-11 13:30:48,650 - ERROR - Error searching for Eddys Leonard: 403 Client Error: Forbidden for url: https://html.duckduckgo.com/html/?q=Eddys%20Leonard%20DET%20site%3Abaseball-reference.com/players
2025-03-11 13:30:48,651 - ERROR - Exception details: 403 Client Error: Forbidden for url: https://html.duckduckgo.com/html/?q=Eddys%20Leonard%20DET%20site%3Abaseball-reference.com/players
2025-03-11 13:30:48,651 - CRITICAL - Critical error: Script stopped due to search failure.
2025-03-11 13:30:48,651 - INFO - Last successful player processed: Max Kranick (NYM) - kranima01
2025-03-11 13:30:48,654 - INFO - Processing complete!
2025-03-11 13:30:48,654 - INFO - Summary: 6 added, 56 skipped, 0 errors
2025-03-11 13:30:48,655 - INFO - Last successful player: Max Kranick (NYM) - kranima01
